<?xml version="1.0" encoding="UTF-8"?>
<!-- Generated by org.testng.reporters.JUnitXMLReporter -->
<testsuite ignored="2" hostname="CESIT-LAP-0135" failures="0" tests="1" name="Default test" time="0.064" errors="0" timestamp="2022-04-18T18:48:33 IST">
  <testcase classname="testCase.demo3" name="demo33TC" time="0.01"/>
  <testcase classname="testCase.demo3" name="demo32TC" time="0.0">
    <ignored/>
  </testcase> <!-- demo32TC -->
  <testcase classname="testCase.demo3" name="demo31TC" time="0.0">
    <ignored/>
  </testcase> <!-- demo31TC -->
</testsuite> <!-- Default test -->
