<?xml version="1.0" encoding="UTF-8"?>
<testng-results ignored="1" total="2" passed="1" failed="0" skipped="0">
  <reporter-output>
  </reporter-output>
  <suite started-at="2022-04-15T23:15:44 IST" name="Default suite" finished-at="2022-04-15T23:15:50 IST" duration-ms="5204">
    <groups>
    </groups>
    <test started-at="2022-04-15T23:15:44 IST" name="Default test" finished-at="2022-04-15T23:15:50 IST" duration-ms="5204">
      <class name="testCase.demo3">
        <test-method is-config="true" signature="initialize()[pri:0, instance:testCase.demo3@16612a51]" started-at="2022-04-15T23:15:44 IST" name="initialize" finished-at="2022-04-15T23:15:44 IST" duration-ms="225" status="PASS">
          <reporter-output>
          </reporter-output>
        </test-method> <!-- initialize -->
        <test-method signature="demo32TC()[pri:0, instance:testCase.demo3@16612a51]" started-at="2022-04-15T23:15:44 IST" name="demo32TC" finished-at="2022-04-15T23:15:49 IST" duration-ms="4527" status="PASS">
          <reporter-output>
          </reporter-output>
        </test-method> <!-- demo32TC -->
        <test-method is-config="true" signature="quitBrowser(org.testng.ITestResult)[pri:0, instance:testCase.demo3@16612a51]" started-at="2022-04-15T23:15:49 IST" name="quitBrowser" finished-at="2022-04-15T23:15:50 IST" duration-ms="655" status="PASS">
          <params>
            <param index="0">
              <value>
                <![CDATA[[TestResult name=demo32TC status=SUCCESS method=demo3.demo32TC()[pri:0, instance:testCase.demo3@16612a51] output={null}]]]>
              </value>
            </param>
          </params>
          <reporter-output>
          </reporter-output>
        </test-method> <!-- quitBrowser -->
        <test-method is-config="true" signature="tearDown()[pri:0, instance:testCase.demo3@16612a51]" started-at="2022-04-15T23:15:50 IST" name="tearDown" finished-at="2022-04-15T23:15:50 IST" duration-ms="277" status="PASS">
          <reporter-output>
          </reporter-output>
        </test-method> <!-- tearDown -->
      </class> <!-- testCase.demo3 -->
    </test> <!-- Default test -->
  </suite> <!-- Default suite -->
</testng-results>
