<?xml version="1.0" encoding="UTF-8"?>
<testng-results ignored="0" total="1" passed="1" failed="0" skipped="0">
  <reporter-output>
  </reporter-output>
  <suite started-at="2022-06-10T14:19:21 IST" name="Default suite" finished-at="2022-06-10T14:19:43 IST" duration-ms="21642">
    <groups>
    </groups>
    <test started-at="2022-06-10T14:19:21 IST" name="Default test" finished-at="2022-06-10T14:19:43 IST" duration-ms="21642">
      <class name="testCase.demo2">
        <test-method is-config="true" signature="initialize()[pri:0, instance:testCase.demo2@163370c2]" started-at="2022-06-10T14:19:20 IST" name="initialize" finished-at="2022-06-10T14:19:21 IST" duration-ms="1451" status="PASS">
          <reporter-output>
          </reporter-output>
        </test-method> <!-- initialize -->
        <test-method signature="saucedemo3()[pri:0, instance:testCase.demo2@163370c2]" started-at="2022-06-10T14:19:21 IST" name="saucedemo3" finished-at="2022-06-10T14:19:43 IST" duration-ms="21461" status="PASS">
          <reporter-output>
          </reporter-output>
        </test-method> <!-- saucedemo3 -->
        <test-method is-config="true" signature="quitBrowser(org.testng.ITestResult)[pri:0, instance:testCase.demo2@163370c2]" started-at="2022-06-10T14:19:43 IST" name="quitBrowser" finished-at="2022-06-10T14:19:43 IST" duration-ms="140" status="PASS">
          <params>
            <param index="0">
              <value>
                <![CDATA[[TestResult name=saucedemo3 status=SUCCESS method=demo2.saucedemo3()[pri:0, instance:testCase.demo2@163370c2] output={null}]]]>
              </value>
            </param>
          </params>
          <reporter-output>
          </reporter-output>
        </test-method> <!-- quitBrowser -->
        <test-method is-config="true" signature="tearDown()[pri:0, instance:testCase.demo2@163370c2]" started-at="2022-06-10T14:19:43 IST" name="tearDown" finished-at="2022-06-10T14:19:43 IST" duration-ms="589" status="PASS">
          <reporter-output>
          </reporter-output>
        </test-method> <!-- tearDown -->
      </class> <!-- testCase.demo2 -->
    </test> <!-- Default test -->
  </suite> <!-- Default suite -->
</testng-results>
